<?xml version="1.0" encoding="UTF-8"?>
<testng-results ignored="0" total="2" passed="2" failed="0" skipped="0">
  <reporter-output>
  </reporter-output>
  <suite started-at="2025-02-04T15:26:25 IST" name="Suite" finished-at="2025-02-04T15:26:51 IST" duration-ms="25565">
    <groups>
      <group name="regression">
        <method signature="TC_001_AccountRegistrationTest.verify_account_registration()[pri:0, instance:testCases.TC_001_AccountRegistrationTest@4c5474f5]" name="verify_account_registration" class="testCases.TC_001_AccountRegistrationTest"/>
        <method signature="TC_009_hari.login()[pri:0, instance:testCases.TC_009_hari@2e61d218]" name="login" class="testCases.TC_009_hari"/>
      </group> <!-- regression -->
      <group name="master">
        <method signature="TC_001_AccountRegistrationTest.verify_account_registration()[pri:0, instance:testCases.TC_001_AccountRegistrationTest@4c5474f5]" name="verify_account_registration" class="testCases.TC_001_AccountRegistrationTest"/>
        <method signature="TC_009_hari.login()[pri:0, instance:testCases.TC_009_hari@2e61d218]" name="login" class="testCases.TC_009_hari"/>
      </group> <!-- master -->
    </groups>
    <test started-at="2025-02-04T15:26:25 IST" name="Test" finished-at="2025-02-04T15:26:51 IST" duration-ms="25565">
      <class name="testCases.TC_009_hari">
        <test-method is-config="true" signature="setup(java.lang.String,java.lang.String)[pri:0, instance:testCases.TC_009_hari@2e61d218]" started-at="2025-02-04T15:26:31 IST" name="setup" finished-at="2025-02-04T15:26:35 IST" duration-ms="3266" status="PASS">
          <params>
            <param index="0">
              <value>
                <![CDATA[windows]]>
              </value>
            </param>
            <param index="1">
              <value>
                <![CDATA[chrome]]>
              </value>
            </param>
          </params>
          <reporter-output>
          </reporter-output>
        </test-method> <!-- setup -->
        <test-method signature="login()[pri:0, instance:testCases.TC_009_hari@2e61d218]" started-at="2025-02-04T15:26:35 IST" name="login" finished-at="2025-02-04T15:26:50 IST" duration-ms="15775" status="PASS">
          <reporter-output>
          </reporter-output>
        </test-method> <!-- login -->
        <test-method is-config="true" signature="tearDown()[pri:0, instance:testCases.TC_009_hari@2e61d218]" started-at="2025-02-04T15:26:50 IST" name="tearDown" finished-at="2025-02-04T15:26:51 IST" duration-ms="235" status="PASS">
          <reporter-output>
          </reporter-output>
        </test-method> <!-- tearDown -->
      </class> <!-- testCases.TC_009_hari -->
      <class name="testCases.TC_001_AccountRegistrationTest">
        <test-method is-config="true" signature="setup(java.lang.String,java.lang.String)[pri:0, instance:testCases.TC_001_AccountRegistrationTest@4c5474f5]" started-at="2025-02-04T15:26:25 IST" name="setup" finished-at="2025-02-04T15:26:29 IST" duration-ms="3240" status="PASS">
          <params>
            <param index="0">
              <value>
                <![CDATA[windows]]>
              </value>
            </param>
            <param index="1">
              <value>
                <![CDATA[chrome]]>
              </value>
            </param>
          </params>
          <reporter-output>
          </reporter-output>
        </test-method> <!-- setup -->
        <test-method signature="verify_account_registration()[pri:0, instance:testCases.TC_001_AccountRegistrationTest@4c5474f5]" started-at="2025-02-04T15:26:29 IST" name="verify_account_registration" finished-at="2025-02-04T15:26:31 IST" duration-ms="2440" status="PASS">
          <reporter-output>
          </reporter-output>
        </test-method> <!-- verify_account_registration -->
        <test-method is-config="true" signature="tearDown()[pri:0, instance:testCases.TC_001_AccountRegistrationTest@4c5474f5]" started-at="2025-02-04T15:26:31 IST" name="tearDown" finished-at="2025-02-04T15:26:31 IST" duration-ms="187" status="PASS">
          <reporter-output>
          </reporter-output>
        </test-method> <!-- tearDown -->
      </class> <!-- testCases.TC_001_AccountRegistrationTest -->
    </test> <!-- Test -->
  </suite> <!-- Suite -->
</testng-results>
